build/app/intermediates/manifest_merge_blame_file/release/manifest-merger-blame-release-report.txt
1<?xml version="1.0" encoding="utf-8"?>
2<manifest xmlns:android="http://schemas.android.com/apk/res/android"
3    package="com.example.cam_tube"
4    android:versionCode="1"
5    android:versionName="1.0.0" >
6
7    <uses-sdk
8        android:minSdkVersion="21"
8-->src/main/AndroidManifest.xml
9        android:targetSdkVersion="33" />
9-->src/main/AndroidManifest.xml
10
11    <uses-permission android:name="android.permission.CAMERA" />
11-->[:camera_android] AndroidManifest.xml:9:5-65
11-->[:camera_android] AndroidManifest.xml:9:22-62
12    <uses-permission android:name="android.permission.RECORD_AUDIO" />
12-->[:camera_android] AndroidManifest.xml:10:5-71
12-->[:camera_android] AndroidManifest.xml:10:22-68
13    <uses-permission android:name="android.permission.INTERNET" />
13-->[com.google.firebase:firebase-auth:22.1.2] AndroidManifest.xml:25:5-67
13-->[com.google.firebase:firebase-auth:22.1.2] AndroidManifest.xml:25:22-64
14    <uses-permission android:name="android.permission.ACCESS_NETWORK_STATE" />
14-->[com.google.firebase:firebase-auth:22.1.2] AndroidManifest.xml:26:5-79
14-->[com.google.firebase:firebase-auth:22.1.2] AndroidManifest.xml:26:22-76
15    <uses-permission android:name="android.permission.WAKE_LOCK" />
15-->[com.google.android.gms:play-services-measurement-api:21.3.0] AndroidManifest.xml:24:5-68
15-->[com.google.android.gms:play-services-measurement-api:21.3.0] AndroidManifest.xml:24:22-65
16    <uses-permission android:name="com.google.android.gms.permission.AD_ID" />
16-->[com.google.android.gms:play-services-measurement-api:21.3.0] AndroidManifest.xml:25:5-79
16-->[com.google.android.gms:play-services-measurement-api:21.3.0] AndroidManifest.xml:25:22-76
17    <uses-permission android:name="com.google.android.finsky.permission.BIND_GET_INSTALL_REFERRER_SERVICE" />
17-->[com.google.android.gms:play-services-measurement:21.3.0] AndroidManifest.xml:26:5-110
17-->[com.google.android.gms:play-services-measurement:21.3.0] AndroidManifest.xml:26:22-107
18
19    <application
20        android:name="android.app.Application"
20-->src/main/AndroidManifest.xml:4:9-42
21        android:appComponentFactory="androidx.core.app.CoreComponentFactory"
21-->[androidx.core:core:1.7.0] AndroidManifest.xml:24:18-86
22        android:icon="@mipmap/ic_launcher"
22-->src/main/AndroidManifest.xml:5:9-43
23        android:label="cam_tube" >
23-->src/main/AndroidManifest.xml:3:9-33
24        <activity
24-->src/main/AndroidManifest.xml:6:9-26:20
25            android:name="com.example.cam_tube.MainActivity"
25-->src/main/AndroidManifest.xml:7:13-41
26            android:configChanges="orientation|keyboardHidden|keyboard|screenSize|smallestScreenSize|locale|layoutDirection|fontScale|screenLayout|density|uiMode"
26-->src/main/AndroidManifest.xml:11:13-163
27            android:exported="true"
27-->src/main/AndroidManifest.xml:8:13-36
28            android:hardwareAccelerated="true"
28-->src/main/AndroidManifest.xml:12:13-47
29            android:launchMode="singleTop"
29-->src/main/AndroidManifest.xml:9:13-43
30            android:theme="@style/LaunchTheme"
30-->src/main/AndroidManifest.xml:10:13-47
31            android:windowSoftInputMode="adjustResize" >
31-->src/main/AndroidManifest.xml:13:13-55
32
33            <!--
34                 Specifies an Android theme to apply to this Activity as soon as
35                 the Android process has started. This theme is visible to the user
36                 while the Flutter UI initializes. After that, this theme continues
37                 to determine the Window background behind the Flutter UI.
38            -->
39            <meta-data
39-->src/main/AndroidManifest.xml:18:13-21:17
40                android:name="io.flutter.embedding.android.NormalTheme"
40-->src/main/AndroidManifest.xml:19:15-70
41                android:resource="@style/NormalTheme" />
41-->src/main/AndroidManifest.xml:20:15-52
42
43            <intent-filter>
43-->src/main/AndroidManifest.xml:22:13-25:29
44                <action android:name="android.intent.action.MAIN" />
44-->src/main/AndroidManifest.xml:23:17-68
44-->src/main/AndroidManifest.xml:23:25-66
45
46                <category android:name="android.intent.category.LAUNCHER" />
46-->src/main/AndroidManifest.xml:24:17-76
46-->src/main/AndroidManifest.xml:24:27-74
47            </intent-filter>
48        </activity>
49        <!--
50             Don't delete the meta-data below.
51             This is used by the Flutter tool to generate GeneratedPluginRegistrant.java
52        -->
53        <meta-data
53-->src/main/AndroidManifest.xml:29:9-31:33
54            android:name="flutterEmbedding"
54-->src/main/AndroidManifest.xml:30:13-44
55            android:value="2" />
55-->src/main/AndroidManifest.xml:31:13-30
56
57        <service
57-->[:firebase_auth] AndroidManifest.xml:10:9-14:19
58            android:name="com.google.firebase.components.ComponentDiscoveryService"
58-->[:firebase_auth] AndroidManifest.xml:10:18-89
59            android:directBootAware="true"
59-->[com.google.firebase:firebase-common:20.3.3] AndroidManifest.xml:34:13-43
60            android:exported="false" >
60-->[com.google.firebase:firebase-analytics-ktx:21.3.0] AndroidManifest.xml:10:13-37
61            <meta-data
61-->[:firebase_auth] AndroidManifest.xml:11:13-13:85
62                android:name="com.google.firebase.components:io.flutter.plugins.firebase.auth.FlutterFirebaseAuthRegistrar"
62-->[:firebase_auth] AndroidManifest.xml:12:17-124
63                android:value="com.google.firebase.components.ComponentRegistrar" />
63-->[:firebase_auth] AndroidManifest.xml:13:17-82
64            <meta-data
64-->[:firebase_storage] AndroidManifest.xml:11:13-13:85
65                android:name="com.google.firebase.components:io.flutter.plugins.firebase.storage.FlutterFirebaseAppRegistrar"
65-->[:firebase_storage] AndroidManifest.xml:12:17-126
66                android:value="com.google.firebase.components.ComponentRegistrar" />
66-->[:firebase_storage] AndroidManifest.xml:13:17-82
67            <meta-data
67-->[:cloud_firestore] AndroidManifest.xml:11:13-13:85
68                android:name="com.google.firebase.components:io.flutter.plugins.firebase.firestore.FlutterFirebaseFirestoreRegistrar"
68-->[:cloud_firestore] AndroidManifest.xml:12:17-134
69                android:value="com.google.firebase.components.ComponentRegistrar" />
69-->[:cloud_firestore] AndroidManifest.xml:13:17-82
70            <meta-data
70-->[:firebase_core] AndroidManifest.xml:11:13-13:85
71                android:name="com.google.firebase.components:io.flutter.plugins.firebase.core.FlutterFirebaseCoreRegistrar"
71-->[:firebase_core] AndroidManifest.xml:12:17-124
72                android:value="com.google.firebase.components.ComponentRegistrar" />
72-->[:firebase_core] AndroidManifest.xml:13:17-82
73            <meta-data
73-->[com.google.firebase:firebase-analytics-ktx:21.3.0] AndroidManifest.xml:11:13-13:85
74                android:name="com.google.firebase.components:com.google.firebase.analytics.ktx.FirebaseAnalyticsKtxRegistrar"
74-->[com.google.firebase:firebase-analytics-ktx:21.3.0] AndroidManifest.xml:12:17-126
75                android:value="com.google.firebase.components.ComponentRegistrar" />
75-->[com.google.firebase:firebase-analytics-ktx:21.3.0] AndroidManifest.xml:13:17-82
76            <meta-data
76-->[com.google.firebase:firebase-common-ktx:20.3.3] AndroidManifest.xml:14:13-16:85
77                android:name="com.google.firebase.components:com.google.firebase.ktx.FirebaseCommonKtxRegistrar"
77-->[com.google.firebase:firebase-common-ktx:20.3.3] AndroidManifest.xml:15:17-113
78                android:value="com.google.firebase.components.ComponentRegistrar" />
78-->[com.google.firebase:firebase-common-ktx:20.3.3] AndroidManifest.xml:16:17-82
79            <meta-data
79-->[com.google.firebase:firebase-auth:22.1.2] AndroidManifest.xml:69:13-71:85
80                android:name="com.google.firebase.components:com.google.firebase.auth.FirebaseAuthRegistrar"
80-->[com.google.firebase:firebase-auth:22.1.2] AndroidManifest.xml:70:17-109
81                android:value="com.google.firebase.components.ComponentRegistrar" />
81-->[com.google.firebase:firebase-auth:22.1.2] AndroidManifest.xml:71:17-82
82            <meta-data
82-->[com.google.firebase:firebase-firestore:24.8.1] AndroidManifest.xml:17:13-19:85
83                android:name="com.google.firebase.components:com.google.firebase.firestore.FirestoreRegistrar"
83-->[com.google.firebase:firebase-firestore:24.8.1] AndroidManifest.xml:18:17-111
84                android:value="com.google.firebase.components.ComponentRegistrar" />
84-->[com.google.firebase:firebase-firestore:24.8.1] AndroidManifest.xml:19:17-82
85            <meta-data
85-->[com.google.firebase:firebase-storage:20.2.1] AndroidManifest.xml:32:13-34:85
86                android:name="com.google.firebase.components:com.google.firebase.storage.StorageRegistrar"
86-->[com.google.firebase:firebase-storage:20.2.1] AndroidManifest.xml:33:17-107
87                android:value="com.google.firebase.components.ComponentRegistrar" />
87-->[com.google.firebase:firebase-storage:20.2.1] AndroidManifest.xml:34:17-82
88            <meta-data
88-->[com.google.android.gms:play-services-measurement-api:21.3.0] AndroidManifest.xml:31:13-33:85
89                android:name="com.google.firebase.components:com.google.firebase.analytics.connector.internal.AnalyticsConnectorRegistrar"
89-->[com.google.android.gms:play-services-measurement-api:21.3.0] AndroidManifest.xml:32:17-139
90                android:value="com.google.firebase.components.ComponentRegistrar" />
90-->[com.google.android.gms:play-services-measurement-api:21.3.0] AndroidManifest.xml:33:17-82
91            <meta-data
91-->[com.google.firebase:firebase-installations:17.1.4] AndroidManifest.xml:15:13-17:85
92                android:name="com.google.firebase.components:com.google.firebase.installations.FirebaseInstallationsRegistrar"
92-->[com.google.firebase:firebase-installations:17.1.4] AndroidManifest.xml:16:17-127
93                android:value="com.google.firebase.components.ComponentRegistrar" />
93-->[com.google.firebase:firebase-installations:17.1.4] AndroidManifest.xml:17:17-82
94        </service>
95
96        <activity
96-->[com.google.firebase:firebase-auth:22.1.2] AndroidManifest.xml:29:9-46:20
97            android:name="com.google.firebase.auth.internal.GenericIdpActivity"
97-->[com.google.firebase:firebase-auth:22.1.2] AndroidManifest.xml:30:13-80
98            android:excludeFromRecents="true"
98-->[com.google.firebase:firebase-auth:22.1.2] AndroidManifest.xml:31:13-46
99            android:exported="true"
99-->[com.google.firebase:firebase-auth:22.1.2] AndroidManifest.xml:32:13-36
100            android:launchMode="singleTask"
100-->[com.google.firebase:firebase-auth:22.1.2] AndroidManifest.xml:33:13-44
101            android:theme="@android:style/Theme.Translucent.NoTitleBar" >
101-->[com.google.firebase:firebase-auth:22.1.2] AndroidManifest.xml:34:13-72
102            <intent-filter>
102-->[com.google.firebase:firebase-auth:22.1.2] AndroidManifest.xml:35:13-45:29
103                <action android:name="android.intent.action.VIEW" />
103-->[com.google.firebase:firebase-auth:22.1.2] AndroidManifest.xml:36:17-69
103-->[com.google.firebase:firebase-auth:22.1.2] AndroidManifest.xml:36:25-66
104
105                <category android:name="android.intent.category.DEFAULT" />
105-->[com.google.firebase:firebase-auth:22.1.2] AndroidManifest.xml:38:17-76
105-->[com.google.firebase:firebase-auth:22.1.2] AndroidManifest.xml:38:27-73
106                <category android:name="android.intent.category.BROWSABLE" />
106-->[com.google.firebase:firebase-auth:22.1.2] AndroidManifest.xml:39:17-78
106-->[com.google.firebase:firebase-auth:22.1.2] AndroidManifest.xml:39:27-75
107
108                <data
108-->[com.google.firebase:firebase-auth:22.1.2] AndroidManifest.xml:41:17-44:51
109                    android:host="firebase.auth"
109-->[com.google.firebase:firebase-auth:22.1.2] AndroidManifest.xml:42:21-49
110                    android:path="/"
110-->[com.google.firebase:firebase-auth:22.1.2] AndroidManifest.xml:43:21-37
111                    android:scheme="genericidp" />
111-->[com.google.firebase:firebase-auth:22.1.2] AndroidManifest.xml:44:21-48
112            </intent-filter>
113        </activity>
114        <activity
114-->[com.google.firebase:firebase-auth:22.1.2] AndroidManifest.xml:47:9-64:20
115            android:name="com.google.firebase.auth.internal.RecaptchaActivity"
115-->[com.google.firebase:firebase-auth:22.1.2] AndroidManifest.xml:48:13-79
116            android:excludeFromRecents="true"
116-->[com.google.firebase:firebase-auth:22.1.2] AndroidManifest.xml:49:13-46
117            android:exported="true"
117-->[com.google.firebase:firebase-auth:22.1.2] AndroidManifest.xml:50:13-36
118            android:launchMode="singleTask"
118-->[com.google.firebase:firebase-auth:22.1.2] AndroidManifest.xml:51:13-44
119            android:theme="@android:style/Theme.Translucent.NoTitleBar" >
119-->[com.google.firebase:firebase-auth:22.1.2] AndroidManifest.xml:52:13-72
120            <intent-filter>
120-->[com.google.firebase:firebase-auth:22.1.2] AndroidManifest.xml:53:13-63:29
121                <action android:name="android.intent.action.VIEW" />
121-->[com.google.firebase:firebase-auth:22.1.2] AndroidManifest.xml:36:17-69
121-->[com.google.firebase:firebase-auth:22.1.2] AndroidManifest.xml:36:25-66
122
123                <category android:name="android.intent.category.DEFAULT" />
123-->[com.google.firebase:firebase-auth:22.1.2] AndroidManifest.xml:38:17-76
123-->[com.google.firebase:firebase-auth:22.1.2] AndroidManifest.xml:38:27-73
124                <category android:name="android.intent.category.BROWSABLE" />
124-->[com.google.firebase:firebase-auth:22.1.2] AndroidManifest.xml:39:17-78
124-->[com.google.firebase:firebase-auth:22.1.2] AndroidManifest.xml:39:27-75
125
126                <data
126-->[com.google.firebase:firebase-auth:22.1.2] AndroidManifest.xml:41:17-44:51
127                    android:host="firebase.auth"
127-->[com.google.firebase:firebase-auth:22.1.2] AndroidManifest.xml:42:21-49
128                    android:path="/"
128-->[com.google.firebase:firebase-auth:22.1.2] AndroidManifest.xml:43:21-37
129                    android:scheme="recaptcha" />
129-->[com.google.firebase:firebase-auth:22.1.2] AndroidManifest.xml:44:21-48
130            </intent-filter>
131        </activity>
132
133        <uses-library
133-->[androidx.window:window:1.0.0-beta04] AndroidManifest.xml:25:9-27:40
134            android:name="androidx.window.extensions"
134-->[androidx.window:window:1.0.0-beta04] AndroidManifest.xml:26:13-54
135            android:required="false" />
135-->[androidx.window:window:1.0.0-beta04] AndroidManifest.xml:27:13-37
136        <uses-library
136-->[androidx.window:window:1.0.0-beta04] AndroidManifest.xml:28:9-30:40
137            android:name="androidx.window.sidecar"
137-->[androidx.window:window:1.0.0-beta04] AndroidManifest.xml:29:13-51
138            android:required="false" />
138-->[androidx.window:window:1.0.0-beta04] AndroidManifest.xml:30:13-37
139
140        <provider
140-->[com.google.firebase:firebase-common:20.3.3] AndroidManifest.xml:25:9-30:39
141            android:name="com.google.firebase.provider.FirebaseInitProvider"
141-->[com.google.firebase:firebase-common:20.3.3] AndroidManifest.xml:26:13-77
142            android:authorities="com.example.cam_tube.firebaseinitprovider"
142-->[com.google.firebase:firebase-common:20.3.3] AndroidManifest.xml:27:13-72
143            android:directBootAware="true"
143-->[com.google.firebase:firebase-common:20.3.3] AndroidManifest.xml:28:13-43
144            android:exported="false"
144-->[com.google.firebase:firebase-common:20.3.3] AndroidManifest.xml:29:13-37
145            android:initOrder="100" />
145-->[com.google.firebase:firebase-common:20.3.3] AndroidManifest.xml:30:13-36
146
147        <activity
147-->[com.google.android.gms:play-services-base:18.0.1] AndroidManifest.xml:20:9-22:45
148            android:name="com.google.android.gms.common.api.GoogleApiActivity"
148-->[com.google.android.gms:play-services-base:18.0.1] AndroidManifest.xml:20:19-85
149            android:exported="false"
149-->[com.google.android.gms:play-services-base:18.0.1] AndroidManifest.xml:22:19-43
150            android:theme="@android:style/Theme.Translucent.NoTitleBar" />
150-->[com.google.android.gms:play-services-base:18.0.1] AndroidManifest.xml:21:19-78
151
152        <receiver
152-->[com.google.android.gms:play-services-measurement:21.3.0] AndroidManifest.xml:29:9-33:20
153            android:name="com.google.android.gms.measurement.AppMeasurementReceiver"
153-->[com.google.android.gms:play-services-measurement:21.3.0] AndroidManifest.xml:30:13-85
154            android:enabled="true"
154-->[com.google.android.gms:play-services-measurement:21.3.0] AndroidManifest.xml:31:13-35
155            android:exported="false" >
155-->[com.google.android.gms:play-services-measurement:21.3.0] AndroidManifest.xml:32:13-37
156        </receiver>
157
158        <service
158-->[com.google.android.gms:play-services-measurement:21.3.0] AndroidManifest.xml:35:9-38:40
159            android:name="com.google.android.gms.measurement.AppMeasurementService"
159-->[com.google.android.gms:play-services-measurement:21.3.0] AndroidManifest.xml:36:13-84
160            android:enabled="true"
160-->[com.google.android.gms:play-services-measurement:21.3.0] AndroidManifest.xml:37:13-35
161            android:exported="false" />
161-->[com.google.android.gms:play-services-measurement:21.3.0] AndroidManifest.xml:38:13-37
162        <service
162-->[com.google.android.gms:play-services-measurement:21.3.0] AndroidManifest.xml:39:9-43:72
163            android:name="com.google.android.gms.measurement.AppMeasurementJobService"
163-->[com.google.android.gms:play-services-measurement:21.3.0] AndroidManifest.xml:40:13-87
164            android:enabled="true"
164-->[com.google.android.gms:play-services-measurement:21.3.0] AndroidManifest.xml:41:13-35
165            android:exported="false"
165-->[com.google.android.gms:play-services-measurement:21.3.0] AndroidManifest.xml:42:13-37
166            android:permission="android.permission.BIND_JOB_SERVICE" />
166-->[com.google.android.gms:play-services-measurement:21.3.0] AndroidManifest.xml:43:13-69
167
168        <meta-data
168-->[com.google.android.gms:play-services-basement:18.1.0] AndroidManifest.xml:21:9-23:69
169            android:name="com.google.android.gms.version"
169-->[com.google.android.gms:play-services-basement:18.1.0] AndroidManifest.xml:22:13-58
170            android:value="@integer/google_play_services_version" />
170-->[com.google.android.gms:play-services-basement:18.1.0] AndroidManifest.xml:23:13-66
171    </application>
172
173</manifest>